c:\users\user\source\repos\treetraversal\treetraversal\treetraversal\debug\vc142.pdb
c:\users\user\source\repos\treetraversal\treetraversal\treetraversal\debug\vc142.idb
c:\users\user\source\repos\treetraversal\treetraversal\treetraversal\debug\tree.obj
c:\users\user\source\repos\treetraversal\treetraversal\treetraversal\debug\sfmlex.obj
c:\users\user\source\repos\treetraversal\treetraversal\treetraversal\debug\sflogic.obj
c:\users\user\source\repos\treetraversal\treetraversal\treetraversal\debug\resources.obj
c:\users\user\source\repos\treetraversal\treetraversal\treetraversal\debug\main.obj
c:\users\user\source\repos\treetraversal\treetraversal\treetraversal\debug\inputtree.obj
c:\users\user\source\repos\treetraversal\treetraversal\debug\treetraversal.pdb
c:\users\user\source\repos\treetraversal\treetraversal\treetraversal\debug\treetraversal.tlog\cl.command.1.tlog
c:\users\user\source\repos\treetraversal\treetraversal\treetraversal\debug\treetraversal.tlog\cl.read.1.tlog
c:\users\user\source\repos\treetraversal\treetraversal\treetraversal\debug\treetraversal.tlog\cl.write.1.tlog
c:\users\user\source\repos\treetraversal\treetraversal\treetraversal\debug\treetraversal.tlog\link.13656-cvtres.read.1.tlog
c:\users\user\source\repos\treetraversal\treetraversal\treetraversal\debug\treetraversal.tlog\link.13656-cvtres.write.1.tlog
c:\users\user\source\repos\treetraversal\treetraversal\treetraversal\debug\treetraversal.tlog\link.13656-rc.read.1.tlog
c:\users\user\source\repos\treetraversal\treetraversal\treetraversal\debug\treetraversal.tlog\link.13656-rc.write.1.tlog
c:\users\user\source\repos\treetraversal\treetraversal\treetraversal\debug\treetraversal.tlog\link.13656.read.1.tlog
c:\users\user\source\repos\treetraversal\treetraversal\treetraversal\debug\treetraversal.tlog\link.13656.write.1.tlog
c:\users\user\source\repos\treetraversal\treetraversal\treetraversal\debug\treetraversal.tlog\link.command.1.tlog
c:\users\user\source\repos\treetraversal\treetraversal\treetraversal\debug\treetraversal.tlog\link.read.1.tlog
c:\users\user\source\repos\treetraversal\treetraversal\treetraversal\debug\treetraversal.tlog\link.write.1.tlog
